<?xml version="1.0" encoding="UTF-8"?>
<databaseChangeLog xmlns="http://www.liquibase.org/xml/ns/dbchangelog"
	xmlns:xsi="http://www.w3.org/2001/XMLSchema-instance" xmlns:ext="http://www.liquibase.org/xml/ns/dbchangelog-ext"
	xsi:schemaLocation="http://www.liquibase.org/xml/ns/dbchangelog http://www.liquibase.org/xml/ns/dbchangelog/dbchangelog-2.0.xsd
    http://www.liquibase.org/xml/ns/dbchangelog-ext http://www.liquibase.org/xml/ns/dbchangelog/dbchangelog-ext.xsd">
	<preConditions>
		<dbms type="mysql" />
	</preConditions>
	<changeSet id="1" author="prakash">
		<comment>Creating a sample permission</comment>
		<sql>insert into permission(permissionId, permissionName, displayName, description) values (1, 'ROLE_USER', 'user role', 'having all roles');</sql>
	</changeSet>
	<changeSet id="2" author="prakash">
		<comment>Creating a sample role</comment>
		<sql>insert into role(roleId, roleName, displayName, description) values (1, 'admin', 'Administrator', 'Admin of the application');</sql>
	</changeSet>
	<changeSet id="3" author="prakash">
		<comment>Insert permission into roles</comment>
		<sql>insert into rolepermission(roleId, permissionId) values (1,1);</sql>
	</changeSet>
	<changeSet id="4" author="prakash">
		<comment>Creating a sample user</comment>
		<sql>INSERT INTO `user` VALUES (1,'Test','','Test','A','2013-07-21 22:06:10','2013-07-28 14:08:30',1,'admin','123456','test123@test.com');</sql>
	</changeSet>
	<changeSet id="5" author="prakash">
		<comment>Insert role for user</comment>
		<sql>insert into userrole(roleId, userId) values (1,1);</sql>
	</changeSet>
</databaseChangeLog>